C51 COMPILER V8.18   SEG_99___0                                                            08/15/2014 08:16:49 PAGE 1   


C51 COMPILER V8.18, COMPILATION OF MODULE SEG_99___0
OBJECT MODULE PLACED IN seg 99 - 0.OBJ
COMPILER INVOKED BY: C:\Keil\C51\BIN\C51.EXE seg 99 - 0.c BROWSE DEBUG OBJECTEXTEND TABS(2)

line level    source

   1          #include<reg51.h>
   2          sbit sl1 = P1^0;
   3          sbit sl2 = P1^1;
   4          void msdelay(unsigned int);
   5          void main()
   6          {
   7   1          
   8   1        unsigned char digit[10] = {0x40,0x79,0x24,0x30,0x19,0x12,0x02,0x78,0x00,0x10};
   9   1        while(1)
  10   1        {
  11   2      int k,m,t;
  12   2      
  13   2      for(k=9;k>=0;k--)   
  14   2      {
  15   3      for(m=9;m>=0;m--)
  16   3        {
  17   4      for(t=0;t<25;t++)
  18   4      {
  19   5      sl1=1;
  20   5      P2=digit[k];  
  21   5      msdelay(1);
  22   5      sl1 = 0;
  23   5      }
  24   4      sl2=1;
  25   4      P2=digit[m];
  26   4      msdelay(1);
  27   4      sl2=0;
  28   4        }
  29   3      }
  30   2      }
  31   1        }
  32          
  33          
  34          
  35          void msdelay(unsigned int itime)
  36          {
  37   1         unsigned int j,k;
  38   1        for(j=0;j<itime;j++)
  39   1        for(k=0;k<1275;k++);
  40   1      }


MODULE INFORMATION:   STATIC OVERLAYABLE
   CODE SIZE        =    153    ----
   CONSTANT SIZE    =     10    ----
   XDATA SIZE       =   ----    ----
   PDATA SIZE       =   ----    ----
   DATA SIZE        =   ----      16
   IDATA SIZE       =   ----    ----
   BIT SIZE         =   ----    ----
END OF MODULE INFORMATION.


C51 COMPILATION COMPLETE.  0 WARNING(S),  0 ERROR(S)
