C51 COMPILER V8.18   SENDCHAR                                                              08/19/2014 17:36:54 PAGE 1   


C51 COMPILER V8.18, COMPILATION OF MODULE SENDCHAR
OBJECT MODULE PLACED IN sendchar.OBJ
COMPILER INVOKED BY: C:\Keil\C51\BIN\C51.EXE sendchar.c BROWSE DEBUG OBJECTEXTEND TABS(2)

line level    source

   1          #include<reg51.h>
   2          void main()
   3          {
   4   1        
   5   1          TMOD = 0x20;        
   6   1        TH1 = 0xFA;
   7   1        SCON = 0x50;
   8   1         TR1 = 1;
   9   1        while(1)
  10   1        {
  11   2        
  12   2          SBUF = 'Y';
  13   2          while(TI==0);
  14   2          TI=0;
  15   2          
  16   2        }
  17   1      }
  18            
  19            


MODULE INFORMATION:   STATIC OVERLAYABLE
   CODE SIZE        =     21    ----
   CONSTANT SIZE    =   ----    ----
   XDATA SIZE       =   ----    ----
   PDATA SIZE       =   ----    ----
   DATA SIZE        =   ----    ----
   IDATA SIZE       =   ----    ----
   BIT SIZE         =   ----    ----
END OF MODULE INFORMATION.


C51 COMPILATION COMPLETE.  0 WARNING(S),  0 ERROR(S)
