C51 COMPILER V8.18   1HZ_TIMER                                                             08/18/2014 18:43:43 PAGE 1   


C51 COMPILER V8.18, COMPILATION OF MODULE 1HZ_TIMER
OBJECT MODULE PLACED IN 1hz timer.OBJ
COMPILER INVOKED BY: C:\Keil\C51\BIN\C51.EXE 1hz timer.c BROWSE DEBUG OBJECTEXTEND TABS(2)

line level    source

   1          #include<reg51.h>
   2          void t1m1delay(void);
   3          sbit led = P2^0;
   4          void main()
   5          {
   6   1         unsigned int z;
   7   1        while(1)
   8   1        {
   9   2           led=~led;
  10   2          for(z=0;z<=40;z++)
  11   2          t1m1delay();
  12   2        }
  13   1      }
  14          void t1m1delay(void)
  15          {
  16   1        TMOD = 0x10;
  17   1        TL1 = 0x00;
  18   1        TH1 = 0xD3;
  19   1        TR1 = 1;
  20   1        while(TF1==0);
  21   1        TR1 = 0;
  22   1        TF1 = 0;
  23   1      }


MODULE INFORMATION:   STATIC OVERLAYABLE
   CODE SIZE        =     48    ----
   CONSTANT SIZE    =   ----    ----
   XDATA SIZE       =   ----    ----
   PDATA SIZE       =   ----    ----
   DATA SIZE        =   ----       2
   IDATA SIZE       =   ----    ----
   BIT SIZE         =   ----    ----
END OF MODULE INFORMATION.


C51 COMPILATION COMPLETE.  0 WARNING(S),  0 ERROR(S)
