C51 COMPILER V8.18   SEG_9_0                                                               08/12/2014 23:39:16 PAGE 1   


C51 COMPILER V8.18, COMPILATION OF MODULE SEG_9_0
OBJECT MODULE PLACED IN seg 9-0.OBJ
COMPILER INVOKED BY: C:\Keil\C51\BIN\C51.EXE seg 9-0.c BROWSE DEBUG OBJECTEXTEND TABS(2)

line level    source

   1          #include<reg51.h>
   2          void msdelay(unsigned int);
   3          void main()
   4          {
   5   1          int i;
   6   1        unsigned char digit[10] = {0x40,0x79,0x24,0x30,0x19,0x12,0x02,0x78,0x00,0x10};
   7   1        while(1)
   8   1        {
   9   2          for(i=9;i>=0;i--)
  10   2          {
  11   3            P2 = digit[i];
  12   3            msdelay(100);
  13   3          }
  14   2        }
  15   1      }
  16          void msdelay(unsigned int itime)
  17          {
  18   1         unsigned int j,k;
  19   1        for(j=0;j<itime;j++)
  20   1        for(k=0;k<1275;k++);
  21   1      }


MODULE INFORMATION:   STATIC OVERLAYABLE
   CODE SIZE        =     91    ----
   CONSTANT SIZE    =     10    ----
   XDATA SIZE       =   ----    ----
   PDATA SIZE       =   ----    ----
   DATA SIZE        =   ----      12
   IDATA SIZE       =   ----    ----
   BIT SIZE         =   ----    ----
END OF MODULE INFORMATION.


C51 COMPILATION COMPLETE.  0 WARNING(S),  0 ERROR(S)
