C51 COMPILER V8.18   SEG_0_99_UP_DWN                                                       08/16/2014 10:56:41 PAGE 1   


C51 COMPILER V8.18, COMPILATION OF MODULE SEG_0_99_UP_DWN
OBJECT MODULE PLACED IN seg 0-99 up dwn.OBJ
COMPILER INVOKED BY: C:\Keil\C51\BIN\C51.EXE seg 0-99 up dwn.c BROWSE DEBUG OBJECTEXTEND TABS(2)

line level    source

   1          #include<reg51.h>
   2          sbit up=P1^0;
   3          sbit down = P1^1;
   4          void main()
   5          {
   6   1        unsigned int i=0;
   7   1        int j=0;
   8   1        unsigned char arra1[10] = {0x40,0x79,0x24,0x30,0x19,0x12,0x02,0x78,0x00,0x10};
   9   1        unsigned char arra2[10] = {0x40,0x79,0x24,0x30,0x19,0x12,0x02,0x78,0x00,0x10};
  10   1        while(1)
  11   1        {
  12   2          start:
  13   2          if(up==0)
  14   2          {
  15   3            j++;
  16   3            if((i<=9)&&(j>9))
  17   3            {
  18   4              i++;
  19   4              j=0;
  20   4            }
  21   3            if(i>9)
  22   3            {
  23   4              i=9;
  24   4              j=9;
  25   4            }
  26   3            P3 = arra1[i];
  27   3            P2 = arra1[j];
  28   3            while(up==0);
  29   3          }
  30   2          if(down==0)
  31   2          {
  32   3            if((i==0)&&(j==0))
  33   3            {
  34   4              goto start;
  35   4              j--;
  36   4              if((i>=0)&&(j<0))
  37   4              {
  38   5                j=9;
  39   5                i--;
  40   5              }
  41   4              if((i<0)&&(j<0))
  42   4              {
  43   5                j=0;
  44   5                i=0;
  45   5              }
  46   4              P3 = arra1[i];
  47   4              P2 = arra1[j];
  48   4              while(down==0);
  49   4            }
  50   3          }
  51   2        }
  52   1      }
  53                  


C51 COMPILER V8.18   SEG_0_99_UP_DWN                                                       08/16/2014 10:56:41 PAGE 2   

MODULE INFORMATION:   STATIC OVERLAYABLE
   CODE SIZE        =    149    ----
   CONSTANT SIZE    =     20    ----
   XDATA SIZE       =   ----    ----
   PDATA SIZE       =   ----    ----
   DATA SIZE        =   ----      24
   IDATA SIZE       =   ----    ----
   BIT SIZE         =   ----    ----
END OF MODULE INFORMATION.


C51 COMPILATION COMPLETE.  0 WARNING(S),  0 ERROR(S)
