C51 COMPILER V8.18   TRAFIC                                                                08/22/2014 13:05:54 PAGE 1   


C51 COMPILER V8.18, COMPILATION OF MODULE TRAFIC
OBJECT MODULE PLACED IN trafic.OBJ
COMPILER INVOKED BY: C:\Keil\C51\BIN\C51.EXE trafic.c BROWSE DEBUG OBJECTEXTEND TABS(2)

line level    source

   1          #include<reg51.h>
   2          void delay(void);       
   3          void count1(void);    
   4          void count2(void);
   5          sbit NR=P0^0; sbit NY=P0^1; sbit NG=P0^2; sbit NGL=P0^3;        //Setting bit for LED's north
   6          sbit SR=P0^4; sbit SY=P0^5; sbit SG=P0^6; sbit SGL=P0^7;       //Setting Bit for LED's South
   7          sbit ER=P1^0; sbit EY=P1^1; sbit EG=P1^2; sbit EGL=P1^3;      //Setting Bit for LED's East
   8          sbit WER=P1^4; sbit WEY=P1^5; sbit WEG=P1^6; sbit WEGL=P1^7;        //Setting Bit for LED's West
   9          unsigned char a[10]={0x06,0x5b,0x4f,0x66,0x6d,0x7d,0x07,0x7f,0x6f,0x3f};         //Array for displaying di
             -gits on segment 1,2.......9,0
  10          unsigned char b[7]={0x3f,0x06,0x5b,0x4f,0x66,0x6d,0x7d};             //Array for displaying 0 to 6
  11          unsigned int i,j,s,k;                 //Assigning Integers
  12          void main()                            //Main program
  13            {
  14   1           NR=1; NY=1; NG=0; NGL=1;           // I phase forward green for north lights
  15   1           SR=1; SY=1; SG=0; SGL=1;         // forward green for south lights
  16   1           ER=0; EY=1; EG=1; EGL=1;        //Red signal for east
  17   1           WER=0; WEY=1; WEG=1; WEGL=1;       //Red signal for west lights
  18   1          {
  19   2             count1();
  20   2        }                     //Calling out subroutine to display digits in 7 segment
  21   1           NR=1; NY=1; NG=0; NGL=1;     //I phase yellow signal
  22   1           SR=1; SY=1; SG=0; SGL=1;     
  23   1           ER=1; EY=0; EG=1; EGL=1;    
  24   1           WER=1; WEY=0; WEG=1; WEGL=1;
  25   1            {
  26   2             count2();                         //Calling out sub routine for displaying counts for yellow
  27   2            }
  28   1           NR=0; NY=1; NG=1; NGL=1;      //II phase red signal for north lights
  29   1           SR=0; SY=1; SG=1; SGL=1;      
  30   1           ER=1; EY=1; EG=0; EGL=1;    
  31   1           WER=1; WEY=1; WEG=0; WEGL=1;
  32   1            {
  33   2             count1();
  34   2            }
  35   1           NR=1; NY=0; NG=1; NGL=1;     //II phase yellow lights for North and south
  36   1           SR=1; SY=0; SG=1; SGL=1;
  37   1           ER=1; EY=1; EG=0; EGL=1;     
  38   1           WER=1; WEY=1; WEG=0; WEGL=1;
  39   1             {
  40   2             count2();
  41   2             }
  42   1           NR=1; NY=1; NG=1; NGL=0;     //III phase Green left for north and south
  43   1           SR=1; SY=1; SG=1; SGL=0;
  44   1           ER=0; EY=1; EG=1; EGL=1;     
  45   1           WER=0; WEY=1; WEG=1; WEGL=1;
  46   1             {
  47   2             count1();
  48   2             }
  49   1           NR=1; NY=1; NG=1; NGL=0;    //III phase yellow lights
  50   1           SR=1; SY=1; SG=1; SGL=0;
  51   1           ER=1; EY=0; EG=1; EGL=1;     
  52   1           WER=1; WEY=0; WEG=1; WEGL=1;
  53   1           {
  54   2             count2();
C51 COMPILER V8.18   TRAFIC                                                                08/22/2014 13:05:54 PAGE 2   

  55   2             }
  56   1           NR=0; NY=1; NG=1; NGL=1;     //IV phase Red signal for North and south
  57   1           SR=0; SY=1; SG=1; SGL=1;
  58   1           ER=1; EY=1; EG=1; EGL=0;     
  59   1           WER=1; WEY=1; WEG=1; WEGL=0;
  60   1           {
  61   2             count1();
  62   2             }
  63   1           NR=1; NY=0; NG=1; NGL=1;      //IV phase Yellow signal for north and south
  64   1           SR=1; SY=0; SG=1; SGL=1;
  65   1           ER=1; EY=1; EG=1; EGL=0;      
  66   1           WER=1; WEY=1; WEG=1; WEGL=0;
  67   1           {
  68   2             count2();
  69   2             }
  70   1           }
  71            void count1(void)     //Sub routine for displaying numbers in segments for red signal
  72              {
  73   1         P2=0x3f;
  74   1          for(j=0;j<=4;)
  75   1            {
  76   2             for(i=0;i<=8;)
  77   2             {
  78   3              P3=a[i];
  79   3              i++;
  80   3              delay();
  81   3              }
  82   2             j++;
  83   2             P2=b[j];
  84   2             P3=0x3f;
  85   2             delay();
  86   2            }
  87   1          }
  88            void count2(void)           //Sub routine for displaying numbers in segments for yellow signal
  89              {
  90   1            P2=0x3f;
  91   1            for(i=0;i<=8;)  
  92   1              {
  93   2               P3=a[i];
  94   2               i++;              
  95   2               delay();
  96   2              }
  97   1             P2=0x06;         
  98   1             P3=0x3f;
  99   1             delay();          
 100   1        }
 101            void delay(void)      //Sub routine for creating delay
 102              {
 103   1            for(s=0;s<=230;s++)     //Creating delay using number count
 104   1             {
 105   2               for(k=0;k<238;k++);
 106   2             }
 107   1          }


MODULE INFORMATION:   STATIC OVERLAYABLE
   CODE SIZE        =    415    ----
   CONSTANT SIZE    =   ----    ----
   XDATA SIZE       =   ----    ----
   PDATA SIZE       =   ----    ----
   DATA SIZE        =     25    ----
   IDATA SIZE       =   ----    ----
C51 COMPILER V8.18   TRAFIC                                                                08/22/2014 13:05:54 PAGE 3   

   BIT SIZE         =   ----    ----
END OF MODULE INFORMATION.


C51 COMPILATION COMPLETE.  0 WARNING(S),  0 ERROR(S)
