C51 COMPILER V8.18   SWSND                                                                 08/24/2014 15:10:43 PAGE 1   


C51 COMPILER V8.18, COMPILATION OF MODULE SWSND
OBJECT MODULE PLACED IN swsnd.OBJ
COMPILER INVOKED BY: C:\Keil\C51\BIN\C51.EXE swsnd.c BROWSE DEBUG OBJECTEXTEND TABS(2)

line level    source

   1          #include<reg51.h>
   2          sbit sw = P2^0;
   3          void main()
   4          {
   5   1        unsigned char z;
   6   1        unsigned char fname[] = "ALI";
   7   1        unsigned char lname[] = "SMITH";
   8   1      TMOD = 0X20;
   9   1      TH1 = 0xfd;
  10   1      SCON = 0x50;
  11   1      TR1 = 1;
  12   1      if(sw==0)
  13   1      {
  14   2        for(z=0;z<3;z++)
  15   2      {
  16   3       SBUF = fname[z];
  17   3      while(TI==0);
  18   3      TI=0;
  19   3      }
  20   2      }
  21   1      else
  22   1      {
  23   2        for(z=0;z<5;z++)
  24   2        {
  25   3          SBUF = lname[z];
  26   3          while(TI==0);
  27   3          TI=0;
  28   3        }
  29   2      }
  30   1      }


MODULE INFORMATION:   STATIC OVERLAYABLE
   CODE SIZE        =    100    ----
   CONSTANT SIZE    =     10    ----
   XDATA SIZE       =   ----    ----
   PDATA SIZE       =   ----    ----
   DATA SIZE        =   ----      11
   IDATA SIZE       =   ----    ----
   BIT SIZE         =   ----    ----
END OF MODULE INFORMATION.


C51 COMPILATION COMPLETE.  0 WARNING(S),  0 ERROR(S)
