C51 COMPILER V8.18   RXTX                                                                  08/31/2014 08:48:23 PAGE 1   


C51 COMPILER V8.18, COMPILATION OF MODULE RXTX
OBJECT MODULE PLACED IN rxtx.OBJ
COMPILER INVOKED BY: C:\Keil\C51\BIN\C51.EXE rxtx.c BROWSE DEBUG OBJECTEXTEND TABS(2)

line level    source

   1          #include<reg51.h>
   2          void initialize()           // initialize for timer
   3          {
   4   1        TMOD = 0x20;
   5   1        TH1 =  0xFD;
   6   1        SCON = 0x50;
   7   1        TR1=1;
   8   1      }
   9          void receiver()
  10          {
  11   1          unsigned char value;
  12   1        while(RI==0);
  13   1        value = SBUF;
  14   1        P1 = value;
  15   1        RI=0;
  16   1      }
  17          void transmit()
  18          {
  19   1        SBUF = 'V';
  20   1        while(TI==0);
  21   1        TI=0;
  22   1        SBUF = 'K';
  23   1        while(TI==0);
  24   1        TI=0;
  25   1      }
  26          
  27          void main()
  28          {
  29   1        while(1)
  30   1        {
  31   2          initialize();
  32   2          receive();
*** WARNING C206 IN LINE 32 OF RXTX.C: 'receive': missing function-prototype
  33   2          transmit();
  34   2        }
  35   1      }


MODULE INFORMATION:   STATIC OVERLAYABLE
   CODE SIZE        =     50    ----
   CONSTANT SIZE    =   ----    ----
   XDATA SIZE       =   ----    ----
   PDATA SIZE       =   ----    ----
   DATA SIZE        =   ----    ----
   IDATA SIZE       =   ----    ----
   BIT SIZE         =   ----    ----
END OF MODULE INFORMATION.


C51 COMPILATION COMPLETE.  1 WARNING(S),  0 ERROR(S)
