C51 COMPILER V8.18   A_TO_Z_SEND                                                           08/19/2014 23:55:49 PAGE 1   


C51 COMPILER V8.18, COMPILATION OF MODULE A_TO_Z_SEND
OBJECT MODULE PLACED IN A to Z send.OBJ
COMPILER INVOKED BY: C:\Keil\C51\BIN\C51.EXE A to Z send.c BROWSE DEBUG OBJECTEXTEND TABS(2)

line level    source

   1          #include <reg51.h>
   2          void main()
   3          {
   4   1      unsigned char z;
   5   1      TMOD=0x20;
   6   1      TH1=0xF3;
   7   1      SCON=0x50;
   8   1      TR1=1;
   9   1      while(1)
  10   1       
  11   1      {
  12   2      for(z=65;z<=92;z++)          // 65 is equivalent code for A.
  13   2      {
  14   3      SBUF=z;
  15   3      if(z==92)
  16   3      {
  17   4      SBUF=13;                   // carriage return
  18   4      }
  19   3      while(TI==0);
  20   3      TI=0;
  21   3       
  22   3      }
  23   2       
  24   2      }
  25   1      
  26   1      }


MODULE INFORMATION:   STATIC OVERLAYABLE
   CODE SIZE        =     32    ----
   CONSTANT SIZE    =   ----    ----
   XDATA SIZE       =   ----    ----
   PDATA SIZE       =   ----    ----
   DATA SIZE        =   ----    ----
   IDATA SIZE       =   ----    ----
   BIT SIZE         =   ----    ----
END OF MODULE INFORMATION.


C51 COMPILATION COMPLETE.  0 WARNING(S),  0 ERROR(S)
