C51 COMPILER V8.18   INCNUM                                                                08/23/2014 21:38:23 PAGE 1   


C51 COMPILER V8.18, COMPILATION OF MODULE INCNUM
OBJECT MODULE PLACED IN incnum.OBJ
COMPILER INVOKED BY: C:\Keil\C51\BIN\C51.EXE incnum.c BROWSE DEBUG OBJECTEXTEND TABS(2)

line level    source

   1          #include< reg51.h >
   2          
   3          sfr lcddata=0x90; //LCD DATA PINS
   4          sbit rs=P3^2;
   5          sbit rw=P3^3;
   6          sbit en=P3^4;
   7          sbit g=P2^6;
   8          sbit h=P2^7;
   9          
  10          int m=0;
  11          int a,b;
  12          unsigned char n[10]={0x30,0x31,0x32,0x33,0x34,0x35,0x36,0x37,0x38,0x39};
  13          
  14          void delay(unsigned char b)
  15          {
  16   1      unsigned char a;
  17   1      for(b=0;b<245;b++)
  18   1      {
  19   2      for(a=0;a<1275;a++);
  20   2      }
  21   1      }
  22          
  23          void command(unsigned char dost)
  24          {
  25   1      lcddata=dost;
  26   1      en=1;
  27   1      rs=0;
  28   1      rw=0;
  29   1      delay(5);
  30   1      en=0;
  31   1      }
  32          
  33          void lcddisplaydata(unsigned char n)
  34          {
  35   1      lcddata=n;
  36   1      en=1;
  37   1      rs=1;
  38   1      rw=0;
  39   1      delay(50);
  40   1      en=0;
  41   1      }
  42          
  43          void main()
  44          {
  45   1      P1=0xFF;
  46   1      command(0x38);
  47   1      command(0x0C);
  48   1      while(1)
  49   1      {
  50   2      if(g==0)
  51   2      {
  52   3      if(m==99)
  53   3      {
  54   4      command(0x80);
  55   4      lcddisplaydata(n[9]);
C51 COMPILER V8.18   INCNUM                                                                08/23/2014 21:38:23 PAGE 2   

  56   4      command(0x81);
  57   4      lcddisplaydata(n[9]);
  58   4      }
  59   3      else
  60   3      {
  61   4      m=m+1;
  62   4      a=m/10;
  63   4      {
  64   5      command(0x80);
  65   5      lcddisplaydata(n[a]);
  66   5      }
  67   4      b=m%10;
  68   4      {
  69   5      command(0x81);
  70   5      lcddisplaydata(n[b]);
  71   5      }
  72   4      while(g==0);
  73   4      }
  74   3      }
  75   2      
  76   2      if(h==0)
  77   2      {
  78   3      if(m==0)
  79   3      {
  80   4      command(0x80);
  81   4      lcddisplaydata(n[0]);
  82   4      command(0x81);
  83   4      lcddisplaydata(n[0]);
  84   4      }
  85   3      else
  86   3      {
  87   4      m=m-1;
  88   4      a=m/10;
  89   4      {
  90   5      command(0x80);
  91   5      lcddisplaydata(n[a]);
  92   5      }
  93   4      b=m%10;
  94   4      {
  95   5      command(0x81);
  96   5      lcddisplaydata(n[b]);
  97   5      }
  98   4      while(h==0);
  99   4      }
 100   3      }
 101   2      }
 102   1      }


MODULE INFORMATION:   STATIC OVERLAYABLE
   CODE SIZE        =    220    ----
   CONSTANT SIZE    =   ----    ----
   XDATA SIZE       =   ----    ----
   PDATA SIZE       =   ----    ----
   DATA SIZE        =     16    ----
   IDATA SIZE       =   ----    ----
   BIT SIZE         =   ----    ----
END OF MODULE INFORMATION.


C51 COMPILATION COMPLETE.  0 WARNING(S),  0 ERROR(S)
