C51 COMPILER V8.18   LED_TOGGLE                                                            08/17/2014 17:29:37 PAGE 1   


C51 COMPILER V8.18, COMPILATION OF MODULE LED_TOGGLE
OBJECT MODULE PLACED IN led toggle.OBJ
COMPILER INVOKED BY: C:\Keil\C51\BIN\C51.EXE led toggle.c BROWSE DEBUG OBJECTEXTEND TABS(2)

line level    source

   1          #include<reg51.h>
   2          void msdelay(unsigned int);
   3          void main()
   4          {
   5   1         while(1)
   6   1         {
   7   2            
   8   2             P2 = 0x55;
   9   2           msdelay(100);
  10   2             P2 = 0xAA;
  11   2           msdelay(100);
  12   2          }
  13   1      }  
  14             void msdelay(unsigned int itime)
  15             {
  16   1           unsigned int i,j;
  17   1           for(i=0;i<itime;i++)
  18   1           for(j=0;j<1275;j++);
  19   1         }
  20               


MODULE INFORMATION:   STATIC OVERLAYABLE
   CODE SIZE        =     54    ----
   CONSTANT SIZE    =   ----    ----
   XDATA SIZE       =   ----    ----
   PDATA SIZE       =   ----    ----
   DATA SIZE        =   ----    ----
   IDATA SIZE       =   ----    ----
   BIT SIZE         =   ----    ----
END OF MODULE INFORMATION.


C51 COMPILATION COMPLETE.  0 WARNING(S),  0 ERROR(S)
